[0925/074803:ERROR:renderer_main.cc(226)] Running without renderer sandbox
[0925/075118:ERROR:ipc_channel_win.cc(405)] pipe error: 232
[1103/094540:ERROR:renderer_main.cc(226)] Running without renderer sandbox
[1103/094540:ERROR:renderer_main.cc(226)] Running without renderer sandbox
[1103/094540:ERROR:renderer_main.cc(226)] Running without renderer sandbox
[1103/094543:ERROR:renderer_main.cc(226)] Running without renderer sandbox
[1103/094600:ERROR:ipc_channel_win.cc(132)] pipe error: 109
[1109/075650:ERROR:renderer_main.cc(226)] Running without renderer sandbox
[1109/075650:ERROR:renderer_main.cc(226)] Running without renderer sandbox
[1109/075650:ERROR:renderer_main.cc(226)] Running without renderer sandbox
[1109/075650:ERROR:renderer_main.cc(226)] Running without renderer sandbox
[1109/075652:ERROR:renderer_main.cc(226)] Running without renderer sandbox
[1115/133929:ERROR:renderer_main.cc(226)] Running without renderer sandbox
[1115/133929:ERROR:renderer_main.cc(226)] Running without renderer sandbox
[1115/133929:ERROR:renderer_main.cc(226)] Running without renderer sandbox
[1115/133929:ERROR:renderer_main.cc(226)] Running without renderer sandbox
[1115/133931:ERROR:renderer_main.cc(226)] Running without renderer sandbox
[0204/235541:ERROR:renderer_main.cc(226)] Running without renderer sandbox
[0204/235545:ERROR:renderer_main.cc(226)] Running without renderer sandbox
[0204/235550:ERROR:ipc_channel_win.cc(405)] pipe error: 232
[0204/235550:ERROR:ipc_channel_win.cc(132)] pipe error: 109
[0211/081926:ERROR:renderer_main.cc(226)] Running without renderer sandbox
[0211/081926:ERROR:renderer_main.cc(226)] Running without renderer sandbox
[0211/081926:ERROR:renderer_main.cc(226)] Running without renderer sandbox
[0211/081929:ERROR:renderer_main.cc(226)] Running without renderer sandbox
[0211/081933:ERROR:ipc_channel_win.cc(132)] pipe error: 109
[0211/081933:ERROR:ipc_channel_win.cc(132)] pipe error: 109
[0920/150652:ERROR:renderer_main.cc(226)] Running without renderer sandbox
[0920/150652:ERROR:renderer_main.cc(226)] Running without renderer sandbox
[0920/150652:ERROR:renderer_main.cc(226)] Running without renderer sandbox
[0920/150652:ERROR:renderer_main.cc(226)] Running without renderer sandbox
[0920/150654:ERROR:renderer_main.cc(226)] Running without renderer sandbox
[0920/152348:ERROR:renderer_main.cc(226)] Running without renderer sandbox
[0920/152351:ERROR:renderer_main.cc(226)] Running without renderer sandbox
[0920/154210:INFO:CONSOLE(910)] "TypeError: Cannot read property 'length' of null", source: file:///C:/ProgramData/WebSoft/CourseLab3/ckeditor/ckeditor.js (910)
[0920/154210:INFO:CONSOLE(910)] "TypeError: Cannot read property 'length' of null", source: file:///C:/ProgramData/WebSoft/CourseLab3/ckeditor/ckeditor.js (910)
[0920/154210:INFO:CONSOLE(910)] "TypeError: Cannot read property 'length' of null", source: file:///C:/ProgramData/WebSoft/CourseLab3/ckeditor/ckeditor.js (910)
[0920/154210:INFO:CONSOLE(910)] "TypeError: Cannot read property 'length' of null", source: file:///C:/ProgramData/WebSoft/CourseLab3/ckeditor/ckeditor.js (910)
[0920/154210:INFO:CONSOLE(910)] "TypeError: Cannot read property 'length' of null", source: file:///C:/ProgramData/WebSoft/CourseLab3/ckeditor/ckeditor.js (910)
[0920/154252:INFO:CONSOLE(910)] "TypeError: Cannot read property 'length' of null", source: file:///C:/ProgramData/WebSoft/CourseLab3/ckeditor/ckeditor.js (910)
[0920/154252:INFO:CONSOLE(910)] "TypeError: Cannot read property 'length' of null", source: file:///C:/ProgramData/WebSoft/CourseLab3/ckeditor/ckeditor.js (910)
[0920/154252:INFO:CONSOLE(910)] "TypeError: Cannot read property 'length' of null", source: file:///C:/ProgramData/WebSoft/CourseLab3/ckeditor/ckeditor.js (910)
[0920/154252:INFO:CONSOLE(910)] "TypeError: Cannot read property 'length' of null", source: file:///C:/ProgramData/WebSoft/CourseLab3/ckeditor/ckeditor.js (910)
[0920/154252:INFO:CONSOLE(910)] "TypeError: Cannot read property 'length' of null", source: file:///C:/ProgramData/WebSoft/CourseLab3/ckeditor/ckeditor.js (910)
[0920/154302:INFO:CONSOLE(910)] "TypeError: Cannot read property 'length' of null", source: file:///C:/ProgramData/WebSoft/CourseLab3/ckeditor/ckeditor.js (910)
[0920/154302:INFO:CONSOLE(910)] "TypeError: Cannot read property 'length' of null", source: file:///C:/ProgramData/WebSoft/CourseLab3/ckeditor/ckeditor.js (910)
[0920/154302:INFO:CONSOLE(910)] "TypeError: Cannot read property 'length' of null", source: file:///C:/ProgramData/WebSoft/CourseLab3/ckeditor/ckeditor.js (910)
[0920/154302:INFO:CONSOLE(910)] "TypeError: Cannot read property 'length' of null", source: file:///C:/ProgramData/WebSoft/CourseLab3/ckeditor/ckeditor.js (910)
[0920/154302:INFO:CONSOLE(910)] "TypeError: Cannot read property 'length' of null", source: file:///C:/ProgramData/WebSoft/CourseLab3/ckeditor/ckeditor.js (910)
[0920/154313:INFO:CONSOLE(910)] "TypeError: Cannot read property 'length' of null", source: file:///C:/ProgramData/WebSoft/CourseLab3/ckeditor/ckeditor.js (910)
[0920/154313:INFO:CONSOLE(910)] "TypeError: Cannot read property 'length' of null", source: file:///C:/ProgramData/WebSoft/CourseLab3/ckeditor/ckeditor.js (910)
[0920/154313:INFO:CONSOLE(910)] "TypeError: Cannot read property 'length' of null", source: file:///C:/ProgramData/WebSoft/CourseLab3/ckeditor/ckeditor.js (910)
[0920/154313:INFO:CONSOLE(910)] "TypeError: Cannot read property 'length' of null", source: file:///C:/ProgramData/WebSoft/CourseLab3/ckeditor/ckeditor.js (910)
[0920/154313:INFO:CONSOLE(910)] "TypeError: Cannot read property 'length' of null", source: file:///C:/ProgramData/WebSoft/CourseLab3/ckeditor/ckeditor.js (910)
[0920/164104:WARNING:dns_config_service_win.cc(653)] Failed to read DnsConfig.
[0920/194724:ERROR:ipc_channel_win.cc(132)] pipe error: 109
[0921/081238:ERROR:renderer_main.cc(226)] Running without renderer sandbox
[0921/081238:ERROR:renderer_main.cc(226)] Running without renderer sandbox
[0921/081238:ERROR:renderer_main.cc(226)] Running without renderer sandbox
[0921/081239:ERROR:renderer_main.cc(226)] Running without renderer sandbox
[0921/081246:ERROR:renderer_main.cc(226)] Running without renderer sandbox
[0921/204211:ERROR:renderer_main.cc(226)] Running without renderer sandbox
[0921/204216:ERROR:renderer_main.cc(226)] Running without renderer sandbox
[0922/015321:ERROR:renderer_main.cc(226)] Running without renderer sandbox
[0922/015325:ERROR:renderer_main.cc(226)] Running without renderer sandbox
[0922/020655:ERROR:ipc_channel_win.cc(132)] pipe error: 109
[0922/024222:ERROR:renderer_main.cc(226)] Running without renderer sandbox
[0922/024222:ERROR:renderer_main.cc(226)] Running without renderer sandbox
[0922/024224:ERROR:renderer_main.cc(226)] Running without renderer sandbox
[0922/031134:ERROR:ipc_channel_win.cc(405)] pipe error: 232
[0922/103828:ERROR:renderer_main.cc(226)] Running without renderer sandbox
[0922/103831:ERROR:renderer_main.cc(226)] Running without renderer sandbox
[0922/133101:WARNING:dns_config_service_win.cc(653)] Failed to read DnsConfig.
[0922/133101:WARNING:dns_config_service_win.cc(653)] Failed to read DnsConfig.
[0922/171329:WARNING:dns_config_service_win.cc(653)] Failed to read DnsConfig.
[0922/171330:WARNING:dns_config_service_win.cc(653)] Failed to read DnsConfig.
[0922/171334:WARNING:dns_config_service_win.cc(653)] Failed to read DnsConfig.
[0922/201046:WARNING:dns_config_service_win.cc(653)] Failed to read DnsConfig.
[0922/201047:WARNING:dns_config_service_win.cc(653)] Failed to read DnsConfig.
[0922/201048:WARNING:dns_config_service_win.cc(653)] Failed to read DnsConfig.
[0922/211427:WARNING:dns_config_service_win.cc(653)] Failed to read DnsConfig.
[0922/211428:WARNING:dns_config_service_win.cc(653)] Failed to read DnsConfig.
[0922/211455:WARNING:dns_config_service_win.cc(653)] Failed to read DnsConfig.
[0922/211458:WARNING:dns_config_service_win.cc(653)] Failed to read DnsConfig.
[0922/211500:WARNING:dns_config_service_win.cc(653)] Failed to read DnsConfig.
[0922/211503:WARNING:dns_config_service_win.cc(653)] Failed to read DnsConfig.
[0922/211505:WARNING:dns_config_service_win.cc(653)] Failed to read DnsConfig.
[0922/211508:WARNING:dns_config_service_win.cc(653)] Failed to read DnsConfig.
[0922/211510:WARNING:dns_config_service_win.cc(653)] Failed to read DnsConfig.
[0922/211513:WARNING:dns_config_service_win.cc(653)] Failed to read DnsConfig.
[0922/211515:WARNING:dns_config_service_win.cc(653)] Failed to read DnsConfig.
[0922/211518:WARNING:dns_config_service_win.cc(653)] Failed to read DnsConfig.
[0922/211520:WARNING:dns_config_service_win.cc(653)] Failed to read DnsConfig.
[0922/211523:WARNING:dns_config_service_win.cc(653)] Failed to read DnsConfig.
[0922/211523:WARNING:dns_config_service_win.cc(653)] Failed to read DnsConfig.
[0922/211525:WARNING:dns_config_service_win.cc(653)] Failed to read DnsConfig.
[0922/211528:WARNING:dns_config_service_win.cc(653)] Failed to read DnsConfig.
[0922/211528:WARNING:dns_config_service_win.cc(653)] Failed to read DnsConfig.
[0922/211530:WARNING:dns_config_service_win.cc(653)] Failed to read DnsConfig.
[0922/211533:WARNING:dns_config_service_win.cc(653)] Failed to read DnsConfig.
[0922/211533:WARNING:dns_config_service_win.cc(653)] Failed to read DnsConfig.
[0922/211535:WARNING:dns_config_service_win.cc(653)] Failed to read DnsConfig.
[0922/211538:WARNING:dns_config_service_win.cc(653)] Failed to read DnsConfig.
[0922/211538:WARNING:dns_config_service_win.cc(653)] Failed to read DnsConfig.
[0922/211540:WARNING:dns_config_service_win.cc(653)] Failed to read DnsConfig.
[0922/211543:WARNING:dns_config_service_win.cc(653)] Failed to read DnsConfig.
[0922/211544:WARNING:dns_config_service_win.cc(653)] Failed to read DnsConfig.
[0922/211545:WARNING:dns_config_service_win.cc(653)] Failed to read DnsConfig.
[0922/211548:WARNING:dns_config_service_win.cc(653)] Failed to read DnsConfig.
[0922/211549:WARNING:dns_config_service_win.cc(653)] Failed to read DnsConfig.
[0922/211550:WARNING:dns_config_service_win.cc(653)] Failed to read DnsConfig.
[0922/211553:WARNING:dns_config_service_win.cc(653)] Failed to read DnsConfig.
[0922/211554:WARNING:dns_config_service_win.cc(653)] Failed to read DnsConfig.
[0922/211555:WARNING:dns_config_service_win.cc(653)] Failed to read DnsConfig.
[0922/211558:WARNING:dns_config_service_win.cc(653)] Failed to read DnsConfig.
[0922/211559:WARNING:dns_config_service_win.cc(653)] Failed to read DnsConfig.
[0922/211600:WARNING:dns_config_service_win.cc(653)] Failed to read DnsConfig.
[0922/211603:WARNING:dns_config_service_win.cc(653)] Failed to read DnsConfig.
[0922/211604:WARNING:dns_config_service_win.cc(653)] Failed to read DnsConfig.
[0922/211605:WARNING:dns_config_service_win.cc(653)] Failed to read DnsConfig.
[0922/211608:WARNING:dns_config_service_win.cc(653)] Failed to read DnsConfig.
[0922/211609:WARNING:dns_config_service_win.cc(653)] Failed to read DnsConfig.
[0922/211610:WARNING:dns_config_service_win.cc(653)] Failed to read DnsConfig.
[0922/211613:WARNING:dns_config_service_win.cc(653)] Failed to read DnsConfig.
[0922/211614:WARNING:dns_config_service_win.cc(653)] Failed to read DnsConfig.
[0922/211615:WARNING:dns_config_service_win.cc(653)] Failed to read DnsConfig.
[0922/211618:WARNING:dns_config_service_win.cc(653)] Failed to read DnsConfig.
[0922/211619:WARNING:dns_config_service_win.cc(653)] Failed to read DnsConfig.
[0922/211620:WARNING:dns_config_service_win.cc(653)] Failed to read DnsConfig.
[0922/211623:WARNING:dns_config_service_win.cc(653)] Failed to read DnsConfig.
[0922/211624:WARNING:dns_config_service_win.cc(653)] Failed to read DnsConfig.
[0922/211625:WARNING:dns_config_service_win.cc(653)] Failed to read DnsConfig.
[0922/211628:WARNING:dns_config_service_win.cc(653)] Failed to read DnsConfig.
[0922/211628:WARNING:dns_config_service_win.cc(653)] Failed to read DnsConfig.
[0922/211629:WARNING:dns_config_service_win.cc(653)] Failed to read DnsConfig.
[0922/211632:WARNING:dns_config_service_win.cc(653)] Failed to read DnsConfig.
[0922/211632:WARNING:dns_config_service_win.cc(653)] Failed to read DnsConfig.
[0922/211805:WARNING:dns_config_service_win.cc(653)] Failed to read DnsConfig.
[0922/211810:WARNING:dns_config_service_win.cc(653)] Failed to read DnsConfig.
[0922/211840:WARNING:dns_config_service_win.cc(653)] Failed to read DnsConfig.
[0922/211845:WARNING:dns_config_service_win.cc(653)] Failed to read DnsConfig.
[0922/211850:WARNING:dns_config_service_win.cc(653)] Failed to read DnsConfig.
[0922/211855:WARNING:dns_config_service_win.cc(653)] Failed to read DnsConfig.
[0922/211900:WARNING:dns_config_service_win.cc(653)] Failed to read DnsConfig.
[0922/211905:WARNING:dns_config_service_win.cc(653)] Failed to read DnsConfig.
[0922/211910:WARNING:dns_config_service_win.cc(653)] Failed to read DnsConfig.
[0922/211914:WARNING:dns_config_service_win.cc(653)] Failed to read DnsConfig.
[0922/211915:WARNING:dns_config_service_win.cc(653)] Failed to read DnsConfig.
[0922/211915:WARNING:dns_config_service_win.cc(653)] Failed to read DnsConfig.
[0922/211915:WARNING:dns_config_service_win.cc(653)] Failed to read DnsConfig.
[0922/211915:WARNING:dns_config_service_win.cc(653)] Failed to read DnsConfig.
[0922/211919:WARNING:dns_config_service_win.cc(653)] Failed to read DnsConfig.
[0922/211920:WARNING:dns_config_service_win.cc(653)] Failed to read DnsConfig.
[0922/211920:WARNING:dns_config_service_win.cc(653)] Failed to read DnsConfig.
[0922/211920:WARNING:dns_config_service_win.cc(653)] Failed to read DnsConfig.
[0922/211920:WARNING:dns_config_service_win.cc(653)] Failed to read DnsConfig.
[0922/211924:WARNING:dns_config_service_win.cc(653)] Failed to read DnsConfig.
[0922/211925:WARNING:dns_config_service_win.cc(653)] Failed to read DnsConfig.
[0922/211925:WARNING:dns_config_service_win.cc(653)] Failed to read DnsConfig.
[0922/211925:WARNING:dns_config_service_win.cc(653)] Failed to read DnsConfig.
[0922/211925:WARNING:dns_config_service_win.cc(653)] Failed to read DnsConfig.
[0922/211929:WARNING:dns_config_service_win.cc(653)] Failed to read DnsConfig.
[0922/211930:WARNING:dns_config_service_win.cc(653)] Failed to read DnsConfig.
[0922/211930:WARNING:dns_config_service_win.cc(653)] Failed to read DnsConfig.
[0922/211930:WARNING:dns_config_service_win.cc(653)] Failed to read DnsConfig.
[0922/211930:WARNING:dns_config_service_win.cc(653)] Failed to read DnsConfig.
[0922/211934:WARNING:dns_config_service_win.cc(653)] Failed to read DnsConfig.
[0922/211935:WARNING:dns_config_service_win.cc(653)] Failed to read DnsConfig.
[0922/211935:WARNING:dns_config_service_win.cc(653)] Failed to read DnsConfig.
[0922/211935:WARNING:dns_config_service_win.cc(653)] Failed to read DnsConfig.
[0922/211935:WARNING:dns_config_service_win.cc(653)] Failed to read DnsConfig.
[0922/211939:WARNING:dns_config_service_win.cc(653)] Failed to read DnsConfig.
[0922/211940:WARNING:dns_config_service_win.cc(653)] Failed to read DnsConfig.
[0922/211940:WARNING:dns_config_service_win.cc(653)] Failed to read DnsConfig.
[0922/211940:WARNING:dns_config_service_win.cc(653)] Failed to read DnsConfig.
[0922/211940:WARNING:dns_config_service_win.cc(653)] Failed to read DnsConfig.
[0922/211944:WARNING:dns_config_service_win.cc(653)] Failed to read DnsConfig.
[0922/211945:WARNING:dns_config_service_win.cc(653)] Failed to read DnsConfig.
[0922/211945:WARNING:dns_config_service_win.cc(653)] Failed to read DnsConfig.
[0922/211945:WARNING:dns_config_service_win.cc(653)] Failed to read DnsConfig.
[0922/211945:WARNING:dns_config_service_win.cc(653)] Failed to read DnsConfig.
[0922/211949:WARNING:dns_config_service_win.cc(653)] Failed to read DnsConfig.
[0922/211950:WARNING:dns_config_service_win.cc(653)] Failed to read DnsConfig.
[0922/211950:WARNING:dns_config_service_win.cc(653)] Failed to read DnsConfig.
[0922/211950:WARNING:dns_config_service_win.cc(653)] Failed to read DnsConfig.
[0922/211954:WARNING:dns_config_service_win.cc(653)] Failed to read DnsConfig.
[0922/211954:WARNING:dns_config_service_win.cc(653)] Failed to read DnsConfig.
[0922/211955:WARNING:dns_config_service_win.cc(653)] Failed to read DnsConfig.
[0922/211955:WARNING:dns_config_service_win.cc(653)] Failed to read DnsConfig.
[0922/211955:WARNING:dns_config_service_win.cc(653)] Failed to read DnsConfig.
[0922/211959:WARNING:dns_config_service_win.cc(653)] Failed to read DnsConfig.
[0922/211959:WARNING:dns_config_service_win.cc(653)] Failed to read DnsConfig.
[0922/212000:WARNING:dns_config_service_win.cc(653)] Failed to read DnsConfig.
[0922/212000:WARNING:dns_config_service_win.cc(653)] Failed to read DnsConfig.
[0922/212000:WARNING:dns_config_service_win.cc(653)] Failed to read DnsConfig.
[0922/212004:WARNING:dns_config_service_win.cc(653)] Failed to read DnsConfig.
[0922/212004:WARNING:dns_config_service_win.cc(653)] Failed to read DnsConfig.
[0922/212005:WARNING:dns_config_service_win.cc(653)] Failed to read DnsConfig.
[0922/212005:WARNING:dns_config_service_win.cc(653)] Failed to read DnsConfig.
[0922/212005:WARNING:dns_config_service_win.cc(653)] Failed to read DnsConfig.
[0922/212009:WARNING:dns_config_service_win.cc(653)] Failed to read DnsConfig.
[0922/212009:WARNING:dns_config_service_win.cc(653)] Failed to read DnsConfig.
[0922/212010:WARNING:dns_config_service_win.cc(653)] Failed to read DnsConfig.
[0922/212010:WARNING:dns_config_service_win.cc(653)] Failed to read DnsConfig.
[0922/212010:WARNING:dns_config_service_win.cc(653)] Failed to read DnsConfig.
[0922/212012:WARNING:dns_config_service_win.cc(653)] Failed to read DnsConfig.
[0922/212012:WARNING:dns_config_service_win.cc(653)] Failed to read DnsConfig.
[0922/212012:WARNING:dns_config_service_win.cc(653)] Failed to read DnsConfig.
[0922/212013:WARNING:dns_config_service_win.cc(653)] Failed to read DnsConfig.
[0922/212014:WARNING:dns_config_service_win.cc(653)] Failed to read DnsConfig.
[0922/212014:WARNING:dns_config_service_win.cc(653)] Failed to read DnsConfig.
[1008/193705:ERROR:renderer_main.cc(226)] Running without renderer sandbox
[1008/193710:ERROR:renderer_main.cc(226)] Running without renderer sandbox
[1016/141118:ERROR:renderer_main.cc(226)] Running without renderer sandbox
[1016/141123:ERROR:renderer_main.cc(226)] Running without renderer sandbox
[1016/142342:ERROR:ipc_channel_win.cc(405)] pipe error: 232
[1115/170958:ERROR:renderer_main.cc(226)] Running without renderer sandbox
[1115/171003:ERROR:renderer_main.cc(226)] Running without renderer sandbox
[1117/113808:ERROR:renderer_main.cc(226)] Running without renderer sandbox
[1117/113808:ERROR:renderer_main.cc(226)] Running without renderer sandbox
[1117/113825:ERROR:renderer_main.cc(226)] Running without renderer sandbox
[1117/113825:ERROR:renderer_main.cc(226)] Running without renderer sandbox
[1117/113825:ERROR:renderer_main.cc(226)] Running without renderer sandbox
[1117/113825:ERROR:renderer_main.cc(226)] Running without renderer sandbox
[1117/113829:ERROR:renderer_main.cc(226)] Running without renderer sandbox
[1117/124924:WARNING:dns_config_service_win.cc(653)] Failed to read DnsConfig.
[1117/152319:WARNING:dns_config_service_win.cc(653)] Failed to read DnsConfig.
[1117/202314:WARNING:dns_config_service_win.cc(653)] Failed to read DnsConfig.
[1117/202315:WARNING:dns_config_service_win.cc(653)] Failed to read DnsConfig.
[1117/202315:WARNING:dns_config_service_win.cc(653)] Failed to read DnsConfig.
[1117/202316:WARNING:dns_config_service_win.cc(653)] Failed to read DnsConfig.
[1117/202317:WARNING:dns_config_service_win.cc(653)] Failed to read DnsConfig.
[0506/192545:ERROR:renderer_main.cc(226)] Running without renderer sandbox
[0506/192558:ERROR:renderer_main.cc(226)] Running without renderer sandbox
[0506/192558:ERROR:renderer_main.cc(226)] Running without renderer sandbox
[0506/192558:ERROR:renderer_main.cc(226)] Running without renderer sandbox
[0506/192558:ERROR:renderer_main.cc(226)] Running without renderer sandbox
[0506/192601:ERROR:renderer_main.cc(226)] Running without renderer sandbox
[0506/232506:WARNING:dns_config_service_win.cc(653)] Failed to read DnsConfig.
[0506/232506:WARNING:dns_config_service_win.cc(653)] Failed to read DnsConfig.
[0507/034652:WARNING:dns_config_service_win.cc(653)] Failed to read DnsConfig.
[0507/112530:WARNING:dns_config_service_win.cc(653)] Failed to read DnsConfig.
[0507/112531:WARNING:dns_config_service_win.cc(653)] Failed to read DnsConfig.
[0507/112533:WARNING:dns_config_service_win.cc(653)] Failed to read DnsConfig.
[0507/112533:WARNING:dns_config_service_win.cc(653)] Failed to read DnsConfig.
[0507/112533:WARNING:dns_config_service_win.cc(653)] Failed to read DnsConfig.
[0507/112610:WARNING:dns_config_service_win.cc(653)] Failed to read DnsConfig.
[0507/142120:INFO:dhcp_proxy_script_adapter_fetcher_win.cc(264)] Error fetching PAC URL from DHCP: 2
[0507/142120:INFO:dhcp_proxy_script_adapter_fetcher_win.cc(264)] Error fetching PAC URL from DHCP: 2
[0507/142120:INFO:dhcp_proxy_script_adapter_fetcher_win.cc(264)] Error fetching PAC URL from DHCP: 2
[0507/142129:INFO:dhcp_proxy_script_adapter_fetcher_win.cc(264)] Error fetching PAC URL from DHCP: 2
[0507/142129:INFO:dhcp_proxy_script_adapter_fetcher_win.cc(264)] Error fetching PAC URL from DHCP: 2
[0507/142129:INFO:dhcp_proxy_script_adapter_fetcher_win.cc(264)] Error fetching PAC URL from DHCP: 2
[0507/210721:WARNING:dns_config_service_win.cc(653)] Failed to read DnsConfig.
[0510/215941:ERROR:renderer_main.cc(226)] Running without renderer sandbox
[0510/215944:ERROR:renderer_main.cc(226)] Running without renderer sandbox
[0510/221811:WARNING:dns_config_service_win.cc(653)] Failed to read DnsConfig.
